2025-07-09 01:20:33,997 [INFO] __main__: Starting Flask app
2025-07-09 01:20:34,026 [INFO] werkzeug: [31m[1mWARNING: This is a development server. Do not use it in a production deployment. Use a production WSGI server instead.[0m
 * Running on http://127.0.0.1:5000
2025-07-09 01:20:34,026 [INFO] werkzeug: [33mPress CTRL+C to quit[0m
2025-07-09 01:20:34,027 [INFO] werkzeug:  * Restarting with stat
2025-07-09 01:20:34,421 [INFO] __main__: Starting Flask app
2025-07-09 01:20:34,440 [WARNING] werkzeug:  * Debugger is active!
2025-07-09 01:20:34,444 [INFO] werkzeug:  * Debugger PIN: 897-057-338
2025-07-09 01:20:51,702 [INFO] werkzeug:  * Detected change in 'C:\\Users\\RTCO STREAMS\\Documents\\git\\RTCObott\\bot.py', reloading
2025-07-09 01:20:51,729 [INFO] werkzeug:  * Restarting with stat
2025-07-09 01:46:45,498 [INFO] __main__: Starting Flask app
2025-07-09 01:46:45,526 [INFO] werkzeug: [31m[1mWARNING: This is a development server. Do not use it in a production deployment. Use a production WSGI server instead.[0m
 * Running on http://127.0.0.1:5000
2025-07-09 01:46:45,526 [INFO] werkzeug: [33mPress CTRL+C to quit[0m
2025-07-09 01:46:45,528 [INFO] werkzeug:  * Restarting with stat
2025-07-09 01:46:45,938 [INFO] __main__: Starting Flask app
2025-07-09 01:46:45,954 [WARNING] werkzeug:  * Debugger is active!
2025-07-09 01:46:45,958 [INFO] werkzeug:  * Debugger PIN: 897-057-338
2025-07-09 01:47:23,812 [INFO] werkzeug: 127.0.0.1 - - [09/Jul/2025 01:47:23] "GET / HTTP/1.1" 200 -
2025-07-09 01:47:23,845 [INFO] werkzeug: 127.0.0.1 - - [09/Jul/2025 01:47:23] "GET /static/styles.css HTTP/1.1" 200 -
2025-07-09 01:47:33,745 [DEBUG] __main__: Login attempt
2025-07-09 01:47:33,748 [DEBUG] __main__: Login failed
2025-07-09 01:47:33,749 [INFO] werkzeug: 127.0.0.1 - - [09/Jul/2025 01:47:33] "POST / HTTP/1.1" 200 -
2025-07-09 01:47:33,768 [INFO] werkzeug: 127.0.0.1 - - [09/Jul/2025 01:47:33] "[36mGET /static/styles.css HTTP/1.1[0m" 304 -
2025-07-09 01:47:36,391 [DEBUG] __main__: Accessing embed builder
2025-07-09 01:47:36,391 [DEBUG] data_manager: Loading data from data\inventory.json
2025-07-09 01:47:36,395 [INFO] werkzeug: 127.0.0.1 - - [09/Jul/2025 01:47:36] "GET /embed-builder HTTP/1.1" 200 -
2025-07-09 01:47:36,415 [INFO] werkzeug: 127.0.0.1 - - [09/Jul/2025 01:47:36] "GET /static/styles.css HTTP/1.1" 200 -
2025-07-09 01:47:36,417 [INFO] werkzeug: 127.0.0.1 - - [09/Jul/2025 01:47:36] "GET /static/main.js HTTP/1.1" 200 -
2025-07-09 01:48:32,359 [WARNING] discord.client: PyNaCl is not installed, voice will NOT be supported
2025-07-09 01:48:32,359 [DEBUG] discord.client: on_ready has successfully been registered as an event
2025-07-09 01:48:32,360 [DEBUG] discord.client: on_interaction has successfully been registered as an event
2025-07-09 01:48:32,360 [INFO] __main__: Starting Discord bot
2025-07-09 01:48:32,360 [DEBUG] asyncio: Using proactor: IocpProactor
2025-07-09 01:48:32,361 [INFO] discord.client: logging in using static token
2025-07-09 01:48:33,113 [INFO] discord.gateway: Shard ID None has connected to Gateway (Session ID: 4aa363a9a14c3277d966a9d5060fde89).
2025-07-09 01:54:22,425 [INFO] __main__: Starting Flask app
2025-07-09 01:54:22,457 [INFO] werkzeug: [31m[1mWARNING: This is a development server. Do not use it in a production deployment. Use a production WSGI server instead.[0m
 * Running on http://127.0.0.1:5000
2025-07-09 01:54:22,457 [INFO] werkzeug: [33mPress CTRL+C to quit[0m
2025-07-09 01:54:22,459 [INFO] werkzeug:  * Restarting with stat
2025-07-09 01:54:22,882 [INFO] __main__: Starting Flask app
2025-07-09 01:54:22,899 [WARNING] werkzeug:  * Debugger is active!
2025-07-09 01:54:22,905 [INFO] werkzeug:  * Debugger PIN: 897-057-338
2025-07-09 01:56:36,156 [INFO] __main__: Starting Flask app
2025-07-09 01:56:36,185 [INFO] werkzeug: [31m[1mWARNING: This is a development server. Do not use it in a production deployment. Use a production WSGI server instead.[0m
 * Running on http://127.0.0.1:5000
2025-07-09 01:56:36,185 [INFO] werkzeug: [33mPress CTRL+C to quit[0m
2025-07-09 01:56:36,187 [INFO] werkzeug:  * Restarting with stat
2025-07-09 01:56:36,591 [INFO] __main__: Starting Flask app
2025-07-09 01:56:36,612 [WARNING] werkzeug:  * Debugger is active!
2025-07-09 01:56:36,615 [INFO] werkzeug:  * Debugger PIN: 897-057-338
2025-07-09 01:57:27,227 [INFO] __main__: Starting Flask app
2025-07-09 01:57:27,256 [INFO] werkzeug: [31m[1mWARNING: This is a development server. Do not use it in a production deployment. Use a production WSGI server instead.[0m
 * Running on http://127.0.0.1:5000
2025-07-09 01:57:27,256 [INFO] werkzeug: [33mPress CTRL+C to quit[0m
2025-07-09 01:57:27,258 [INFO] werkzeug:  * Restarting with stat
2025-07-09 01:57:27,660 [INFO] __main__: Starting Flask app
2025-07-09 01:57:27,678 [WARNING] werkzeug:  * Debugger is active!
2025-07-09 01:57:27,682 [INFO] werkzeug:  * Debugger PIN: 897-057-338
2025-07-09 01:57:45,439 [WARNING] discord.client: PyNaCl is not installed, voice will NOT be supported
2025-07-09 01:57:45,439 [DEBUG] discord.client: on_ready has successfully been registered as an event
2025-07-09 01:57:45,439 [DEBUG] discord.client: on_interaction has successfully been registered as an event
2025-07-09 01:57:45,440 [INFO] __main__: Starting Discord bot
2025-07-09 01:57:45,440 [DEBUG] asyncio: Using proactor: IocpProactor
2025-07-09 01:57:45,441 [INFO] discord.client: logging in using static token
2025-07-09 01:57:46,241 [INFO] discord.gateway: Shard ID None has connected to Gateway (Session ID: 9cb9d0c6816cd058860dcdd19327696e).
2025-07-09 01:57:48,257 [INFO] __main__: Logged in as RTCO Shop#0792
